#
# There is insufficient memory for the Java Runtime Environment to continue.
# Native memory allocation (malloc) failed to allocate 697296 bytes for Chunk::new
# Possible reasons:
#   The system is out of physical RAM or swap space
#   The process is running with CompressedOops enabled, and the Java Heap may be blocking the growth of the native heap
# Possible solutions:
#   Reduce memory load on the system
#   Increase physical memory or swap space
#   Check if swap backing store is full
#   Decrease Java heap size (-Xmx/-Xms)
#   Decrease number of Java threads
#   Decrease Java thread stack sizes (-Xss)
#   Set larger code cache with -XX:ReservedCodeCacheSize=
#   JVM is running with Zero Based Compressed Oops mode in which the Java heap is
#     placed in the first 32GB address space. The Java Heap base address is the
#     maximum limit for the native heap growth. Please use -XX:HeapBaseMinAddress
#     to set the Java Heap base and to place the Java Heap above 32GB virtual address.
# This output file may be truncated or incomplete.
#
#  Out of Memory Error (arena.cpp:168), pid=19364, tid=6552
#
# JRE version: Java(TM) SE Runtime Environment (21.0.8+12) (build 21.0.8+12-LTS-250)
# Java VM: Java HotSpot(TM) 64-Bit Server VM (21.0.8+12-LTS-250, mixed mode, sharing, tiered, compressed oops, compressed class ptrs, g1 gc, windows-amd64)
# No core dump will be written. Minidumps are not enabled by default on client versions of Windows
#

---------------  S U M M A R Y ------------

Command Line: -javaagent:C:\Program Files\JetBrains\IntelliJ IDEA 2025.2\lib\idea_rt.jar=63037 -Dfile.encoding=UTF-8 -Dsun.stdout.encoding=UTF-8 -Dsun.stderr.encoding=UTF-8 com.example.apigateway.ApiGatewayApplication

Host: Intel(R) Core(TM) i5-8250U CPU @ 1.60GHz, 8 cores, 15G,  Windows 11 , 64 bit Build 26100 (10.0.26100.6725)
Time: Mon Oct 27 17:07:59 2025 SE Asia Standard Time elapsed time: 2759.569776 seconds (0d 0h 45m 59s)

---------------  T H R E A D  ---------------

Current thread (0x000001c85e3c1e90):  JavaThread "C2 CompilerThread0" daemon [_thread_in_native, id=6552, stack(0x0000009ea3e00000,0x0000009ea3f00000) (1024K)]


Current CompileTask:
C2:2759980 8168   !   4       io.netty.channel.AbstractChannelHandlerContext::invokeFlush0 (82 bytes)

Stack: [0x0000009ea3e00000,0x0000009ea3f00000]
Native frames: (J=compiled Java code, j=interpreted, Vv=VM code, C=native code)
V  [jvm.dll+0x6cc179]
V  [jvm.dll+0x8584c1]
V  [jvm.dll+0x85a9ee]
V  [jvm.dll+0x85b0c3]
V  [jvm.dll+0x27ebf6]
V  [jvm.dll+0xc4f4d]
V  [jvm.dll+0xc5483]
V  [jvm.dll+0x3b6a82]
V  [jvm.dll+0x1e0559]
V  [jvm.dll+0x2477c2]
V  [jvm.dll+0x246c4f]
V  [jvm.dll+0x1c7a3e]
V  [jvm.dll+0x256359]
V  [jvm.dll+0x2548ea]
V  [jvm.dll+0x3efef6]
V  [jvm.dll+0x80279b]
V  [jvm.dll+0x6ca85d]
C  [ucrtbase.dll+0x37b0]
C  [KERNEL32.DLL+0x2e8d7]
C  [ntdll.dll+0x8c53c]


---------------  P R O C E S S  ---------------

Threads class SMR info:
_java_thread_list=0x000001c8a7010ec0, length=24, elements={
0x000001c85e3b4110, 0x000001c85e3b9990, 0x000001c85e3bf220, 0x000001c85e3bfc70,
0x000001c85e3c06c0, 0x000001c85e3c1110, 0x000001c85e3c1e90, 0x000001c85e3c6090,
0x000001c85e5c3520, 0x000001c8a40d1c70, 0x000001c8a40d22d0, 0x000001c8a6a6b490,
0x000001c8a611e270, 0x000001c8a4a1ce90, 0x000001c85e731460, 0x000001c83d00b2c0,
0x000001c8a4359d20, 0x000001c8a43fd2b0, 0x000001c8a5c18330, 0x000001c8a5c189c0,
0x000001c8a5c19050, 0x000001c8a5c1a400, 0x000001c8a5c196e0, 0x000001c8a5c19d70
}

Java Threads: ( => current thread )
  0x000001c85e3b4110 JavaThread "Reference Handler"          daemon [_thread_blocked, id=1572, stack(0x0000009ea3800000,0x0000009ea3900000) (1024K)]
  0x000001c85e3b9990 JavaThread "Finalizer"                  daemon [_thread_blocked, id=19900, stack(0x0000009ea3900000,0x0000009ea3a00000) (1024K)]
  0x000001c85e3bf220 JavaThread "Signal Dispatcher"          daemon [_thread_blocked, id=6204, stack(0x0000009ea3a00000,0x0000009ea3b00000) (1024K)]
  0x000001c85e3bfc70 JavaThread "Attach Listener"            daemon [_thread_blocked, id=14648, stack(0x0000009ea3b00000,0x0000009ea3c00000) (1024K)]
  0x000001c85e3c06c0 JavaThread "Service Thread"             daemon [_thread_blocked, id=9412, stack(0x0000009ea3c00000,0x0000009ea3d00000) (1024K)]
  0x000001c85e3c1110 JavaThread "Monitor Deflation Thread"   daemon [_thread_blocked, id=17068, stack(0x0000009ea3d00000,0x0000009ea3e00000) (1024K)]
=>0x000001c85e3c1e90 JavaThread "C2 CompilerThread0"         daemon [_thread_in_native, id=6552, stack(0x0000009ea3e00000,0x0000009ea3f00000) (1024K)]
  0x000001c85e3c6090 JavaThread "C1 CompilerThread0"         daemon [_thread_blocked, id=19008, stack(0x0000009ea3f00000,0x0000009ea4000000) (1024K)]
  0x000001c85e5c3520 JavaThread "Common-Cleaner"             daemon [_thread_blocked, id=18436, stack(0x0000009ea4000000,0x0000009ea4100000) (1024K)]
  0x000001c8a40d1c70 JavaThread "Monitor Ctrl-Break"         daemon [_thread_in_native, id=14276, stack(0x0000009ea4200000,0x0000009ea4300000) (1024K)]
  0x000001c8a40d22d0 JavaThread "Notification Thread"        daemon [_thread_blocked, id=14356, stack(0x0000009ea4300000,0x0000009ea4400000) (1024K)]
  0x000001c8a6a6b490 JavaThread "boundedElastic-evictor-1"   daemon [_thread_blocked, id=6648, stack(0x0000009ea4d00000,0x0000009ea4e00000) (1024K)]
  0x000001c8a611e270 JavaThread "spring.cloud.inetutils"     daemon [_thread_blocked, id=6780, stack(0x0000009ea4c00000,0x0000009ea4d00000) (1024K)]
  0x000001c8a4a1ce90 JavaThread "reactor-http-nio-1"         daemon [_thread_in_native, id=2316, stack(0x0000009ea4f00000,0x0000009ea5000000) (1024K)]
  0x000001c85e731460 JavaThread "server"                            [_thread_blocked, id=19588, stack(0x0000009ea5000000,0x0000009ea5100000) (1024K)]
  0x000001c83d00b2c0 JavaThread "DestroyJavaVM"                     [_thread_blocked, id=18608, stack(0x0000009ea3000000,0x0000009ea3100000) (1024K)]
  0x000001c8a4359d20 JavaThread "reactor-http-nio-2"         daemon [_thread_in_native, id=2812, stack(0x0000009ea4100000,0x0000009ea4200000) (1024K)]
  0x000001c8a43fd2b0 JavaThread "reactor-http-nio-3"         daemon [_thread_in_native, id=11476, stack(0x0000009ea4e00000,0x0000009ea4f00000) (1024K)]
  0x000001c8a5c18330 JavaThread "reactor-http-nio-4"         daemon [_thread_in_native, id=7516, stack(0x0000009ea5100000,0x0000009ea5200000) (1024K)]
  0x000001c8a5c189c0 JavaThread "reactor-http-nio-5"         daemon [_thread_in_native, id=12980, stack(0x0000009ea5200000,0x0000009ea5300000) (1024K)]
  0x000001c8a5c19050 JavaThread "reactor-http-nio-6"         daemon [_thread_in_native, id=25032, stack(0x0000009ea5300000,0x0000009ea5400000) (1024K)]
  0x000001c8a5c1a400 JavaThread "reactor-http-nio-7"         daemon [_thread_in_native, id=7428, stack(0x0000009ea5400000,0x0000009ea5500000) (1024K)]
  0x000001c8a5c196e0 JavaThread "reactor-http-nio-8"         daemon [_thread_in_native, id=11892, stack(0x0000009ea5500000,0x0000009ea5600000) (1024K)]
  0x000001c8a5c19d70 JavaThread "Jndi-Dns-address-change-listener" daemon [_thread_in_native, id=17720, stack(0x0000009ea5600000,0x0000009ea5700000) (1024K)]
Total: 24

Other Threads:
  0x000001c85e39b2f0 VMThread "VM Thread"                           [id=22400, stack(0x0000009ea3700000,0x0000009ea3800000) (1024K)]
  0x000001c85e387ac0 WatcherThread "VM Periodic Task Thread"        [id=23576, stack(0x0000009ea3600000,0x0000009ea3700000) (1024K)]
  0x000001c83f2b7240 WorkerThread "GC Thread#0"                     [id=8108, stack(0x0000009ea3100000,0x0000009ea3200000) (1024K)]
  0x000001c8a4518860 WorkerThread "GC Thread#1"                     [id=7880, stack(0x0000009ea4400000,0x0000009ea4500000) (1024K)]
  0x000001c8a4518c00 WorkerThread "GC Thread#2"                     [id=11112, stack(0x0000009ea4500000,0x0000009ea4600000) (1024K)]
  0x000001c8a4518fa0 WorkerThread "GC Thread#3"                     [id=25236, stack(0x0000009ea4600000,0x0000009ea4700000) (1024K)]
  0x000001c8a4519340 WorkerThread "GC Thread#4"                     [id=3928, stack(0x0000009ea4700000,0x0000009ea4800000) (1024K)]
  0x000001c8a43a8120 WorkerThread "GC Thread#5"                     [id=4364, stack(0x0000009ea4800000,0x0000009ea4900000) (1024K)]
  0x000001c8a4e03670 WorkerThread "GC Thread#6"                     [id=8260, stack(0x0000009ea4a00000,0x0000009ea4b00000) (1024K)]
  0x000001c8a4c73560 WorkerThread "GC Thread#7"                     [id=23948, stack(0x0000009ea4b00000,0x0000009ea4c00000) (1024K)]
  0x000001c83f2c8830 ConcurrentGCThread "G1 Main Marker"            [id=9104, stack(0x0000009ea3200000,0x0000009ea3300000) (1024K)]
  0x000001c83f2c9330 WorkerThread "G1 Conc#0"                       [id=24896, stack(0x0000009ea3300000,0x0000009ea3400000) (1024K)]
  0x000001c8a4c29240 WorkerThread "G1 Conc#1"                       [id=13456, stack(0x0000009ea4900000,0x0000009ea4a00000) (1024K)]
  0x000001c85e2555a0 ConcurrentGCThread "G1 Refine#0"               [id=19488, stack(0x0000009ea3400000,0x0000009ea3500000) (1024K)]
  0x000001c85e256110 ConcurrentGCThread "G1 Service"                [id=24504, stack(0x0000009ea3500000,0x0000009ea3600000) (1024K)]
Total: 15

Threads with active compile tasks:
C2 CompilerThread0  2767174 8168   !   4       io.netty.channel.AbstractChannelHandlerContext::invokeFlush0 (82 bytes)
Total: 1

VM state: not at safepoint (normal execution)

VM Mutex/Monitor currently owned by a thread: None

Heap address: 0x0000000702000000, size: 4064 MB, Compressed Oops mode: Zero based, Oop shift amount: 3

CDS archive(s) mapped at: [0x000001c85f000000-0x000001c85fc90000-0x000001c85fc90000), size 13172736, SharedBaseAddress: 0x000001c85f000000, ArchiveRelocationMode: 1.
Compressed class space mapped at: 0x000001c860000000-0x000001c8a0000000, reserved size: 1073741824
Narrow klass base: 0x000001c85f000000, Narrow klass shift: 0, Narrow klass range: 0x100000000

GC Precious Log:
 CardTable entry size: 512
 Card Set container configuration: InlinePtr #cards 4 size 8 Array Of Cards #cards 16 size 48 Howl #buckets 8 coarsen threshold 3686 Howl Bitmap #cards 512 size 80 coarsen threshold 460 Card regions per heap region 1 cards per card region 4096
 CPUs: 8 total, 8 available
 Memory: 16248M
 Large Page Support: Disabled
 NUMA Support: Disabled
 Compressed Oops: Enabled (Zero based)
 Heap Region Size: 2M
 Heap Min Capacity: 8M
 Heap Initial Capacity: 254M
 Heap Max Capacity: 4064M
 Pre-touch: Disabled
 Parallel Workers: 8
 Concurrent Workers: 2
 Concurrent Refinement Workers: 8
 Periodic GC: Disabled

Heap:
 garbage-first heap   total 65536K, used 28808K [0x0000000702000000, 0x0000000800000000)
  region size 2048K, 5 young (10240K), 1 survivors (2048K)
 Metaspace       used 45523K, committed 46080K, reserved 1114112K
  class space    used 5813K, committed 6080K, reserved 1048576K

Heap Regions: E=young(eden), S=young(survivor), O=old, HS=humongous(starts), HC=humongous(continues), CS=collection set, F=free, TAMS=top-at-mark-start, PB=parsable bottom
|   0|0x0000000702000000, 0x0000000702200000, 0x0000000702200000|100%| O|  |TAMS 0x0000000702000000| PB 0x0000000702000000| Untracked 
|   1|0x0000000702200000, 0x0000000702400000, 0x0000000702400000|100%| O|  |TAMS 0x0000000702200000| PB 0x0000000702200000| Untracked 
|   2|0x0000000702400000, 0x0000000702400000, 0x0000000702600000|  0%| F|  |TAMS 0x0000000702400000| PB 0x0000000702400000| Untracked 
|   3|0x0000000702600000, 0x0000000702800000, 0x0000000702800000|100%| O|  |TAMS 0x0000000702600000| PB 0x0000000702600000| Untracked 
|   4|0x0000000702800000, 0x0000000702a00000, 0x0000000702a00000|100%| O|  |TAMS 0x0000000702800000| PB 0x0000000702800000| Untracked 
|   5|0x0000000702a00000, 0x0000000702c00000, 0x0000000702c00000|100%| O|  |TAMS 0x0000000702a00000| PB 0x0000000702a00000| Untracked 
|   6|0x0000000702c00000, 0x0000000702e00000, 0x0000000702e00000|100%| O|  |TAMS 0x0000000702c00000| PB 0x0000000702c00000| Untracked 
|   7|0x0000000702e00000, 0x0000000703000000, 0x0000000703000000|100%| O|  |TAMS 0x0000000702e00000| PB 0x0000000702e00000| Untracked 
|   8|0x0000000703000000, 0x0000000703200000, 0x0000000703200000|100%| O|  |TAMS 0x0000000703000000| PB 0x0000000703000000| Untracked 
|   9|0x0000000703200000, 0x0000000703400000, 0x0000000703400000|100%| O|  |TAMS 0x0000000703200000| PB 0x0000000703200000| Untracked 
|  10|0x0000000703400000, 0x0000000703600000, 0x0000000703600000|100%| O|  |TAMS 0x0000000703400000| PB 0x0000000703400000| Untracked 
|  11|0x0000000703600000, 0x0000000703600000, 0x0000000703800000|  0%| F|  |TAMS 0x0000000703600000| PB 0x0000000703600000| Untracked 
|  12|0x0000000703800000, 0x0000000703800000, 0x0000000703a00000|  0%| F|  |TAMS 0x0000000703800000| PB 0x0000000703800000| Untracked 
|  13|0x0000000703a00000, 0x0000000703a00000, 0x0000000703c00000|  0%| F|  |TAMS 0x0000000703a00000| PB 0x0000000703a00000| Untracked 
|  14|0x0000000703c00000, 0x0000000703d42618, 0x0000000703e00000| 62%| O|  |TAMS 0x0000000703c00000| PB 0x0000000703c00000| Untracked 
|  15|0x0000000703e00000, 0x0000000703e00000, 0x0000000704000000|  0%| F|  |TAMS 0x0000000703e00000| PB 0x0000000703e00000| Untracked 
|  16|0x0000000704000000, 0x0000000704000000, 0x0000000704200000|  0%| F|  |TAMS 0x0000000704000000| PB 0x0000000704000000| Untracked 
|  17|0x0000000704200000, 0x00000007042dfd40, 0x0000000704400000| 43%| S|CS|TAMS 0x0000000704200000| PB 0x0000000704200000| Complete 
|  18|0x0000000704400000, 0x0000000704400000, 0x0000000704600000|  0%| F|  |TAMS 0x0000000704400000| PB 0x0000000704400000| Untracked 
|  19|0x0000000704600000, 0x0000000704600000, 0x0000000704800000|  0%| F|  |TAMS 0x0000000704600000| PB 0x0000000704600000| Untracked 
|  20|0x0000000704800000, 0x0000000704800000, 0x0000000704a00000|  0%| F|  |TAMS 0x0000000704800000| PB 0x0000000704800000| Untracked 
|  21|0x0000000704a00000, 0x0000000704a00000, 0x0000000704c00000|  0%| F|  |TAMS 0x0000000704a00000| PB 0x0000000704a00000| Untracked 
|  22|0x0000000704c00000, 0x0000000704c00000, 0x0000000704e00000|  0%| F|  |TAMS 0x0000000704c00000| PB 0x0000000704c00000| Untracked 
|  23|0x0000000704e00000, 0x0000000704e00000, 0x0000000705000000|  0%| F|  |TAMS 0x0000000704e00000| PB 0x0000000704e00000| Untracked 
|  24|0x0000000705000000, 0x0000000705000000, 0x0000000705200000|  0%| F|  |TAMS 0x0000000705000000| PB 0x0000000705000000| Untracked 
|  25|0x0000000705200000, 0x0000000705200000, 0x0000000705400000|  0%| F|  |TAMS 0x0000000705200000| PB 0x0000000705200000| Untracked 
|  26|0x0000000705400000, 0x0000000705400000, 0x0000000705600000|  0%| F|  |TAMS 0x0000000705400000| PB 0x0000000705400000| Untracked 
|  99|0x000000070e600000, 0x000000070e600000, 0x000000070e800000|  0%| F|  |TAMS 0x000000070e600000| PB 0x000000070e600000| Untracked 
| 100|0x000000070e800000, 0x000000070e9afbe0, 0x000000070ea00000| 84%| E|  |TAMS 0x000000070e800000| PB 0x000000070e800000| Complete 
| 101|0x000000070ea00000, 0x000000070ec00000, 0x000000070ec00000|100%| E|CS|TAMS 0x000000070ea00000| PB 0x000000070ea00000| Complete 
| 125|0x0000000711a00000, 0x0000000711c00000, 0x0000000711c00000|100%| E|CS|TAMS 0x0000000711a00000| PB 0x0000000711a00000| Complete 
| 126|0x0000000711c00000, 0x0000000711e00000, 0x0000000711e00000|100%| E|CS|TAMS 0x0000000711c00000| PB 0x0000000711c00000| Complete 

Card table byte_map: [0x000001c857210000,0x000001c857a00000] _byte_map_base: 0x000001c853a00000

Marking Bits: (CMBitMap*) 0x000001c83f2b8150
 Bits: [0x000001c857a00000, 0x000001c85b980000)

Polling page: 0x000001c83d130000

Metaspace:

Usage:
  Non-class:     38.78 MB used.
      Class:      5.68 MB used.
       Both:     44.46 MB used.

Virtual space:
  Non-class space:       64.00 MB reserved,      39.06 MB ( 61%) committed,  1 nodes.
      Class space:        1.00 GB reserved,       5.94 MB ( <1%) committed,  1 nodes.
             Both:        1.06 GB reserved,      45.00 MB (  4%) committed. 

Chunk freelists:
   Non-Class:  8.75 MB
       Class:  10.08 MB
        Both:  18.83 MB

MaxMetaspaceSize: unlimited
CompressedClassSpaceSize: 1.00 GB
Initial GC threshold: 21.00 MB
Current GC threshold: 58.75 MB
CDS: on
 - commit_granule_bytes: 65536.
 - commit_granule_words: 8192.
 - virtual_space_node_default_size: 8388608.
 - enlarge_chunks_in_place: 1.
 - use_allocation_guard: 0.


Internal statistics:

num_allocs_failed_limit: 6.
num_arena_births: 844.
num_arena_deaths: 0.
num_vsnodes_births: 2.
num_vsnodes_deaths: 0.
num_space_committed: 720.
num_space_uncommitted: 0.
num_chunks_returned_to_freelist: 6.
num_chunks_taken_from_freelist: 2510.
num_chunk_merges: 6.
num_chunk_splits: 1747.
num_chunks_enlarged: 1309.
num_inconsistent_stats: 0.

CodeHeap 'non-profiled nmethods': size=120000Kb used=4250Kb max_used=4250Kb free=115749Kb
 bounds [0x000001c84f1b0000, 0x000001c84f5e0000, 0x000001c8566e0000]
CodeHeap 'profiled nmethods': size=120000Kb used=16141Kb max_used=16141Kb free=103859Kb
 bounds [0x000001c8476e0000, 0x000001c8486b0000, 0x000001c84ec10000]
CodeHeap 'non-nmethods': size=5760Kb used=1575Kb max_used=1656Kb free=4184Kb
 bounds [0x000001c84ec10000, 0x000001c84ee80000, 0x000001c84f1b0000]
 total_blobs=8403 nmethods=7769 adapters=537
 compilation: enabled
              stopped_count=0, restarted_count=0
 full_count=0

Compilation events (20 events):
Event: 2754.805 Thread 0x000001c85e3c6090 8171   !   3       org.springframework.http.server.reactive.ChannelSendOperator$WriteBarrier::request (175 bytes)
Event: 2754.806 Thread 0x000001c85e3c6090 nmethod 8171 0x000001c84869d810 code [0x000001c84869da80, 0x000001c84869e5a0]
Event: 2754.840 Thread 0x000001c85e3c1e90 nmethod 8169 0x000001c84f5c4b10 code [0x000001c84f5c4e20, 0x000001c84f5c61d0]
Event: 2754.840 Thread 0x000001c85e3c1e90 8172       4       io.netty.channel.ChannelOutboundBuffer::progress (136 bytes)
Event: 2754.844 Thread 0x000001c85e3c1e90 nmethod 8172 0x000001c84f5c6e10 code [0x000001c84f5c6fc0, 0x000001c84f5c7148]
Event: 2754.844 Thread 0x000001c85e3c1e90 8168   !   4       io.netty.channel.AbstractChannelHandlerContext::invokeFlush0 (82 bytes)
Event: 2754.889 Thread 0x000001c85e3c6090 8175   !   3       io.netty.handler.codec.http.HttpObjectEncoder::encodeJustHttpMessage (96 bytes)
Event: 2754.890 Thread 0x000001c85e3c6090 nmethod 8175 0x000001c84869e810 code [0x000001c84869ea40, 0x000001c84869f490]
Event: 2754.894 Thread 0x000001c85e3c6090 8176       3       io.netty.buffer.PooledUnsafeDirectByteBuf$1::newObject (6 bytes)
Event: 2754.895 Thread 0x000001c85e3c6090 nmethod 8176 0x000001c84869f710 code [0x000001c84869f8c0, 0x000001c84869f9f8]
Event: 2754.895 Thread 0x000001c85e3c6090 8177       3       io.netty.buffer.PooledUnsafeDirectByteBuf$1::newObject (11 bytes)
Event: 2754.896 Thread 0x000001c85e3c6090 nmethod 8177 0x000001c84869fa90 code [0x000001c84869fca0, 0x000001c8486a0340]
Event: 2754.896 Thread 0x000001c85e3c6090 8178       3       io.netty.buffer.PooledUnsafeDirectByteBuf::<init> (7 bytes)
Event: 2754.896 Thread 0x000001c85e3c6090 nmethod 8178 0x000001c8486a0590 code [0x000001c8486a0780, 0x000001c8486a0d60]
Event: 2754.897 Thread 0x000001c85e3c6090 8179       3       io.netty.buffer.PooledUnsafeDirectByteBuf::<init> (7 bytes)
Event: 2754.898 Thread 0x000001c85e3c6090 nmethod 8179 0x000001c8486a0f90 code [0x000001c8486a1180, 0x000001c8486a1708]
Event: 2754.898 Thread 0x000001c85e3c6090 8180       3       io.netty.buffer.PooledByteBuf::<init> (14 bytes)
Event: 2754.898 Thread 0x000001c85e3c6090 nmethod 8180 0x000001c8486a1910 code [0x000001c8486a1b00, 0x000001c8486a2010]
Event: 2754.927 Thread 0x000001c85e3c6090 8182       3       io.netty.channel.ChannelOutboundBuffer::setUnwritable (37 bytes)
Event: 2754.928 Thread 0x000001c85e3c6090 nmethod 8182 0x000001c8486a2210 code [0x000001c8486a23e0, 0x000001c8486a2670]

GC Heap History (16 events):
Event: 1.674 GC heap before
{Heap before GC invocations=0 (full 0):
 garbage-first heap   total 260096K, used 20480K [0x0000000702000000, 0x0000000800000000)
  region size 2048K, 11 young (22528K), 0 survivors (0K)
 Metaspace       used 5624K, committed 5824K, reserved 1114112K
  class space    used 626K, committed 704K, reserved 1048576K
}
Event: 1.680 GC heap after
{Heap after GC invocations=1 (full 0):
 garbage-first heap   total 260096K, used 5296K [0x0000000702000000, 0x0000000800000000)
  region size 2048K, 2 young (4096K), 2 survivors (4096K)
 Metaspace       used 5624K, committed 5824K, reserved 1114112K
  class space    used 626K, committed 704K, reserved 1048576K
}
Event: 3.498 GC heap before
{Heap before GC invocations=1 (full 0):
 garbage-first heap   total 260096K, used 33968K [0x0000000702000000, 0x0000000800000000)
  region size 2048K, 16 young (32768K), 2 survivors (4096K)
 Metaspace       used 12806K, committed 13120K, reserved 1114112K
  class space    used 1661K, committed 1792K, reserved 1048576K
}
Event: 3.506 GC heap after
{Heap after GC invocations=2 (full 0):
 garbage-first heap   total 260096K, used 8332K [0x0000000702000000, 0x0000000800000000)
  region size 2048K, 2 young (4096K), 2 survivors (4096K)
 Metaspace       used 12806K, committed 13120K, reserved 1114112K
  class space    used 1661K, committed 1792K, reserved 1048576K
}
Event: 4.968 GC heap before
{Heap before GC invocations=2 (full 0):
 garbage-first heap   total 260096K, used 51340K [0x0000000702000000, 0x0000000800000000)
  region size 2048K, 25 young (51200K), 2 survivors (4096K)
 Metaspace       used 21213K, committed 21504K, reserved 1114112K
  class space    used 2632K, committed 2752K, reserved 1048576K
}
Event: 4.976 GC heap after
{Heap after GC invocations=3 (full 0):
 garbage-first heap   total 260096K, used 11622K [0x0000000702000000, 0x0000000800000000)
  region size 2048K, 3 young (6144K), 3 survivors (6144K)
 Metaspace       used 21213K, committed 21504K, reserved 1114112K
  class space    used 2632K, committed 2752K, reserved 1048576K
}
Event: 7.131 GC heap before
{Heap before GC invocations=4 (full 0):
 garbage-first heap   total 55296K, used 54630K [0x0000000702000000, 0x0000000800000000)
  region size 2048K, 24 young (49152K), 3 survivors (6144K)
 Metaspace       used 30658K, committed 31104K, reserved 1114112K
  class space    used 3972K, committed 4160K, reserved 1048576K
}
Event: 7.142 GC heap after
{Heap after GC invocations=5 (full 0):
 garbage-first heap   total 65536K, used 14691K [0x0000000702000000, 0x0000000800000000)
  region size 2048K, 5 young (10240K), 5 survivors (10240K)
 Metaspace       used 30658K, committed 31104K, reserved 1114112K
  class space    used 3972K, committed 4160K, reserved 1048576K
}
Event: 7.940 GC heap before
{Heap before GC invocations=5 (full 0):
 garbage-first heap   total 65536K, used 43363K [0x0000000702000000, 0x0000000800000000)
  region size 2048K, 19 young (38912K), 5 survivors (10240K)
 Metaspace       used 34010K, committed 34560K, reserved 1114112K
  class space    used 4425K, committed 4672K, reserved 1048576K
}
Event: 7.955 GC heap after
{Heap after GC invocations=6 (full 0):
 garbage-first heap   total 65536K, used 16854K [0x0000000702000000, 0x0000000800000000)
  region size 2048K, 2 young (4096K), 2 survivors (4096K)
 Metaspace       used 34010K, committed 34560K, reserved 1114112K
  class space    used 4425K, committed 4672K, reserved 1048576K
}
Event: 8.287 GC heap before
{Heap before GC invocations=6 (full 0):
 garbage-first heap   total 65536K, used 22998K [0x0000000702000000, 0x0000000800000000)
  region size 2048K, 6 young (12288K), 2 survivors (4096K)
 Metaspace       used 35474K, committed 35968K, reserved 1114112K
  class space    used 4636K, committed 4864K, reserved 1048576K
}
Event: 8.294 GC heap after
{Heap after GC invocations=7 (full 0):
 garbage-first heap   total 65536K, used 17787K [0x0000000702000000, 0x0000000800000000)
  region size 2048K, 2 young (4096K), 2 survivors (4096K)
 Metaspace       used 35474K, committed 35968K, reserved 1114112K
  class space    used 4636K, committed 4864K, reserved 1048576K
}
Event: 21.120 GC heap before
{Heap before GC invocations=8 (full 0):
 garbage-first heap   total 65536K, used 48507K [0x0000000702000000, 0x0000000800000000)
  region size 2048K, 18 young (36864K), 2 survivors (4096K)
 Metaspace       used 43760K, committed 44416K, reserved 1114112K
  class space    used 5781K, committed 6080K, reserved 1048576K
}
Event: 21.133 GC heap after
{Heap after GC invocations=9 (full 0):
 garbage-first heap   total 65536K, used 21861K [0x0000000702000000, 0x0000000800000000)
  region size 2048K, 3 young (6144K), 3 survivors (6144K)
 Metaspace       used 43760K, committed 44416K, reserved 1114112K
  class space    used 5781K, committed 6080K, reserved 1048576K
}
Event: 2665.180 GC heap before
{Heap before GC invocations=9 (full 0):
 garbage-first heap   total 65536K, used 50533K [0x0000000702000000, 0x0000000800000000)
  region size 2048K, 17 young (34816K), 3 survivors (6144K)
 Metaspace       used 45220K, committed 45824K, reserved 1114112K
  class space    used 5805K, committed 6080K, reserved 1048576K
}
Event: 2665.249 GC heap after
{Heap after GC invocations=10 (full 0):
 garbage-first heap   total 65536K, used 22664K [0x0000000702000000, 0x0000000800000000)
  region size 2048K, 1 young (2048K), 1 survivors (2048K)
 Metaspace       used 45220K, committed 45824K, reserved 1114112K
  class space    used 5805K, committed 6080K, reserved 1048576K
}

Dll operation events (12 events):
Event: 0.028 Loaded shared library C:\Program Files\Java\jdk-21\bin\java.dll
Event: 0.118 Loaded shared library C:\Program Files\Java\jdk-21\bin\jsvml.dll
Event: 0.288 Loaded shared library C:\Program Files\Java\jdk-21\bin\zip.dll
Event: 0.295 Loaded shared library C:\Program Files\Java\jdk-21\bin\instrument.dll
Event: 0.311 Loaded shared library C:\Program Files\Java\jdk-21\bin\net.dll
Event: 0.316 Loaded shared library C:\Program Files\Java\jdk-21\bin\nio.dll
Event: 0.323 Loaded shared library C:\Program Files\Java\jdk-21\bin\zip.dll
Event: 0.590 Loaded shared library C:\Program Files\Java\jdk-21\bin\extnet.dll
Event: 0.676 Loaded shared library C:\Program Files\Java\jdk-21\bin\jimage.dll
Event: 8.224 Loaded shared library C:\Program Files\Java\jdk-21\bin\sunmscapi.dll
Event: 8.591 Loaded shared library C:\Program Files\Java\jdk-21\bin\management.dll
Event: 8.594 Loaded shared library C:\Program Files\Java\jdk-21\bin\management_ext.dll

Deoptimization events (20 events):
Event: 2753.986 Thread 0x000001c8a5c18330 Uncommon trap: trap_request=0xffffffd6 fr.pc=0x000001c84f5a8944 relative=0x0000000000000484
Event: 2753.986 Thread 0x000001c8a5c18330 Uncommon trap: reason=array_check action=maybe_recompile pc=0x000001c84f5a8944 method=java.util.Arrays.fill([Ljava/lang/Object;IILjava/lang/Object;)V @ 20 c2
Event: 2753.986 Thread 0x000001c8a5c18330 DEOPT PACKING pc=0x000001c84f5a8944 sp=0x0000009ea51fee20
Event: 2753.989 Thread 0x000001c8a5c18330 DEOPT UNPACKING pc=0x000001c84ec646a2 sp=0x0000009ea51fedc8 mode 2
Event: 2754.000 Thread 0x000001c8a5c1a400 Uncommon trap: trap_request=0xffffffd6 fr.pc=0x000001c84f5a8944 relative=0x0000000000000484
Event: 2754.000 Thread 0x000001c8a5c1a400 Uncommon trap: reason=array_check action=maybe_recompile pc=0x000001c84f5a8944 method=java.util.Arrays.fill([Ljava/lang/Object;IILjava/lang/Object;)V @ 20 c2
Event: 2754.000 Thread 0x000001c8a5c1a400 DEOPT PACKING pc=0x000001c84f5a8944 sp=0x0000009ea54fee40
Event: 2754.001 Thread 0x000001c8a5c1a400 DEOPT UNPACKING pc=0x000001c84ec646a2 sp=0x0000009ea54fede8 mode 2
Event: 2754.006 Thread 0x000001c8a4a1ce90 Uncommon trap: trap_request=0xffffffd6 fr.pc=0x000001c84f5a8944 relative=0x0000000000000484
Event: 2754.006 Thread 0x000001c8a4a1ce90 Uncommon trap: reason=array_check action=maybe_recompile pc=0x000001c84f5a8944 method=java.util.Arrays.fill([Ljava/lang/Object;IILjava/lang/Object;)V @ 20 c2
Event: 2754.006 Thread 0x000001c8a4a1ce90 DEOPT PACKING pc=0x000001c84f5a8944 sp=0x0000009ea4ffefa0
Event: 2754.006 Thread 0x000001c8a4a1ce90 DEOPT UNPACKING pc=0x000001c84ec646a2 sp=0x0000009ea4ffef48 mode 2
Event: 2754.006 Thread 0x000001c8a4a1ce90 Uncommon trap: trap_request=0xffffffd6 fr.pc=0x000001c84f5a8944 relative=0x0000000000000484
Event: 2754.006 Thread 0x000001c8a4a1ce90 Uncommon trap: reason=array_check action=maybe_recompile pc=0x000001c84f5a8944 method=java.util.Arrays.fill([Ljava/lang/Object;IILjava/lang/Object;)V @ 20 c2
Event: 2754.006 Thread 0x000001c8a4a1ce90 DEOPT PACKING pc=0x000001c84f5a8944 sp=0x0000009ea4ffefa0
Event: 2754.006 Thread 0x000001c8a4a1ce90 DEOPT UNPACKING pc=0x000001c84ec646a2 sp=0x0000009ea4ffef48 mode 2
Event: 2754.019 Thread 0x000001c8a5c1a400 Uncommon trap: trap_request=0xffffff76 fr.pc=0x000001c84f5a8f74 relative=0x00000000000001d4
Event: 2754.019 Thread 0x000001c8a5c1a400 Uncommon trap: reason=predicate action=maybe_recompile pc=0x000001c84f5a8f74 method=java.util.Arrays.fill([Ljava/lang/Object;Ljava/lang/Object;)V @ 7 c2
Event: 2754.019 Thread 0x000001c8a5c1a400 DEOPT PACKING pc=0x000001c84f5a8f74 sp=0x0000009ea54fe840
Event: 2754.019 Thread 0x000001c8a5c1a400 DEOPT UNPACKING pc=0x000001c84ec646a2 sp=0x0000009ea54fe7d8 mode 2

Classes loaded (20 events):
Event: 14.340 Loading class sun/nio/ch/AllocatedNativeObject
Event: 14.340 Loading class sun/nio/ch/NativeObject
Event: 14.340 Loading class sun/nio/ch/NativeObject done
Event: 14.340 Loading class sun/nio/ch/AllocatedNativeObject done
Event: 14.340 Loading class sun/nio/ch/IOVecWrapper$Deallocator
Event: 14.340 Loading class sun/nio/ch/IOVecWrapper$Deallocator done
Event: 19.819 Loading class java/util/stream/LongStream
Event: 19.820 Loading class java/util/stream/LongStream done
Event: 19.820 Loading class java/util/stream/DoubleStream
Event: 19.820 Loading class java/util/stream/DoubleStream done
Event: 19.853 Loading class org/w3c/dom/Node
Event: 19.853 Loading class org/w3c/dom/Node done
Event: 19.853 Loading class org/w3c/dom/Document
Event: 19.854 Loading class org/w3c/dom/Document done
Event: 20.002 Loading class java/util/AbstractMap$SimpleEntry
Event: 20.002 Loading class java/util/AbstractMap$SimpleEntry done
Event: 1417.194 Loading class java/util/concurrent/locks/ReentrantReadWriteLock$Sync$HoldCounter
Event: 1417.194 Loading class java/util/concurrent/locks/ReentrantReadWriteLock$Sync$HoldCounter done
Event: 2756.402 Loading class sun/net/ConnectionResetException
Event: 2757.260 Loading class sun/net/ConnectionResetException done

Classes unloaded (0 events):
No events

Classes redefined (0 events):
No events

Internal exceptions (20 events):
Event: 14.177 Thread 0x000001c8a43fd2b0 Exception <a 'sun/nio/fs/WindowsException'{0x0000000704b3ff48}> (0x0000000704b3ff48) 
thrown [s\open\src\hotspot\share\prims\jni.cpp, line 520]
Event: 14.204 Thread 0x000001c8a43fd2b0 Exception <a 'java/lang/NoSuchMethodError'{0x0000000704b9b4a8}: 'java.lang.Object java.lang.invoke.DirectMethodHandle$Holder.newInvokeSpecial(java.lang.Object, java.lang.Object, java.lang.Object, java.lang.Object, java.lang.Object, java.lang.Object)'> (0x0000000704b9b4a8) 
thrown [s\open\src\hotspot\share\interpreter\linkResolver.cpp, line 773]
Event: 14.223 Thread 0x000001c8a43fd2b0 Exception <a 'java/lang/NoSuchMethodError'{0x0000000704853aa0}: 'java.lang.Object java.lang.invoke.DirectMethodHandle$Holder.newInvokeSpecial(java.lang.Object, java.lang.Object, long, java.lang.Object)'> (0x0000000704853aa0) 
thrown [s\open\src\hotspot\share\interpreter\linkResolver.cpp, line 773]
Event: 14.299 Thread 0x000001c8a43fd2b0 Exception <a 'java/lang/NoSuchMethodError'{0x0000000704615568}: 'java.lang.Object java.lang.invoke.DirectMethodHandle$Holder.invokeStatic(java.lang.Object, java.lang.Object, java.lang.Object, int, java.lang.Object, java.lang.Object)'> (0x0000000704615568) 
thrown [s\open\src\hotspot\share\interpreter\linkResolver.cpp, line 773]
Event: 14.314 Thread 0x000001c8a43fd2b0 Exception <a 'java/lang/NoSuchMethodError'{0x0000000704651910}: 'java.lang.Object java.lang.invoke.DirectMethodHandle$Holder.newInvokeSpecial(java.lang.Object, java.lang.Object, java.lang.Object, java.lang.Object, int, java.lang.Object)'> (0x0000000704651910) 
thrown [s\open\src\hotspot\share\interpreter\linkResolver.cpp, line 773]
Event: 14.314 Thread 0x000001c8a43fd2b0 Exception <a 'java/lang/NoSuchMethodError'{0x0000000704655750}: 'java.lang.Object java.lang.invoke.DirectMethodHandle$Holder.invokeSpecial(java.lang.Object, java.lang.Object, java.lang.Object, java.lang.Object, java.lang.Object, int, java.lang.Object)'> (0x0000000704655750) 
thrown [s\open\src\hotspot\share\interpreter\linkResolver.cpp, line 773]
Event: 14.315 Thread 0x000001c8a43fd2b0 Exception <a 'java/lang/NoSuchMethodError'{0x0000000704658e10}: 'java.lang.Object java.lang.invoke.Invokers$Holder.linkToTargetMethod(java.lang.Object, java.lang.Object, java.lang.Object, int, java.lang.Object, java.lang.Object)'> (0x0000000704658e10) 
thrown [s\open\src\hotspot\share\interpreter\linkResolver.cpp, line 773]
Event: 15.052 Thread 0x000001c8a43fd2b0 Exception <a 'java/lang/NoSuchMethodError'{0x000000070471b1e0}: 'void java.lang.invoke.DirectMethodHandle$Holder.invokeStaticInit(java.lang.Object)'> (0x000000070471b1e0) 
thrown [s\open\src\hotspot\share\interpreter\linkResolver.cpp, line 773]
Event: 19.718 Thread 0x000001c8a5c18330 Exception <a 'java/lang/NoSuchMethodError'{0x00000007047a01f0}: 'java.lang.Object java.lang.invoke.DirectMethodHandle$Holder.newInvokeSpecial(java.lang.Object, java.lang.Object, int)'> (0x00000007047a01f0) 
thrown [s\open\src\hotspot\share\interpreter\linkResolver.cpp, line 773]
Event: 19.718 Thread 0x000001c8a5c196e0 Exception <a 'java/lang/NoSuchMethodError'{0x000000070448f318}: 'java.lang.Object java.lang.invoke.DirectMethodHandle$Holder.newInvokeSpecial(java.lang.Object, java.lang.Object, int)'> (0x000000070448f318) 
thrown [s\open\src\hotspot\share\interpreter\linkResolver.cpp, line 773]
Event: 20.019 Thread 0x000001c8a5c18330 Exception <a 'java/lang/NoSuchMethodError'{0x0000000704132a48}: 'void java.lang.invoke.DirectMethodHandle$Holder.invokeSpecialIFC(java.lang.Object, java.lang.Object, java.lang.Object, java.lang.Object)'> (0x0000000704132a48) 
thrown [s\open\src\hotspot\share\interpreter\linkResolver.cpp, line 773]
Event: 20.019 Thread 0x000001c8a5c196e0 Exception <a 'java/lang/NoSuchMethodError'{0x00000007041137b0}: 'void java.lang.invoke.DirectMethodHandle$Holder.invokeSpecialIFC(java.lang.Object, java.lang.Object, java.lang.Object, java.lang.Object)'> (0x00000007041137b0) 
thrown [s\open\src\hotspot\share\interpreter\linkResolver.cpp, line 773]
Event: 20.021 Thread 0x000001c8a5c19050 Exception <a 'java/lang/NoSuchMethodError'{0x0000000704084a50}: 'void java.lang.invoke.DirectMethodHandle$Holder.invokeSpecialIFC(java.lang.Object, java.lang.Object, java.lang.Object, java.lang.Object)'> (0x0000000704084a50) 
thrown [s\open\src\hotspot\share\interpreter\linkResolver.cpp, line 773]
Event: 20.815 Thread 0x000001c8a5c19050 Implicit null exception at 0x000001c84f2b2917 to 0x000001c84f2b2b98
Event: 20.815 Thread 0x000001c8a5c196e0 Implicit null exception at 0x000001c84f2b2917 to 0x000001c84f2b2b98
Event: 60.568 Thread 0x000001c8a4a1ce90 Exception <a 'java/lang/NoSuchMethodError'{0x0000000711d612c0}: 'void java.lang.invoke.DirectMethodHandle$Holder.invokeSpecial(java.lang.Object, java.lang.Object, long)'> (0x0000000711d612c0) 
thrown [s\open\src\hotspot\share\interpreter\linkResolver.cpp, line 773]
Event: 60.569 Thread 0x000001c8a4a1ce90 Exception <a 'java/lang/NoSuchMethodError'{0x0000000711d668d8}: 'java.lang.Object java.lang.invoke.DirectMethodHandle$Holder.newInvokeSpecial(java.lang.Object, java.lang.Object, long)'> (0x0000000711d668d8) 
thrown [s\open\src\hotspot\share\interpreter\linkResolver.cpp, line 773]
Event: 418.982 Thread 0x000001c8a5c196e0 Exception <a 'java/lang/NoSuchMethodError'{0x000000070ea11118}: 'java.lang.Object java.lang.invoke.Invokers$Holder.invoke_MT(java.lang.Object, java.lang.Object, java.lang.Object, java.lang.Object, java.lang.Object)'> (0x000000070ea11118) 
thrown [s\open\src\hotspot\share\interpreter\linkResolver.cpp, line 773]
Event: 2665.172 Thread 0x000001c8a5c189c0 Implicit null exception at 0x000001c84f553548 to 0x000001c84f5535d4
Event: 2756.232 Thread 0x000001c8a5c18330 Exception <a 'java/io/IOException'{0x000000070e9197e8}> (0x000000070e9197e8) 
thrown [s\open\src\hotspot\share\prims\jni.cpp, line 520]

ZGC Phase Switch (0 events):
No events

VM Operations (20 events):
Event: 2676.364 Executing VM operation: Cleanup
Event: 2676.364 Executing VM operation: Cleanup done
Event: 2678.392 Executing VM operation: Cleanup
Event: 2678.392 Executing VM operation: Cleanup done
Event: 2680.419 Executing VM operation: Cleanup
Event: 2680.419 Executing VM operation: Cleanup done
Event: 2689.493 Executing VM operation: Cleanup
Event: 2689.493 Executing VM operation: Cleanup done
Event: 2695.555 Executing VM operation: Cleanup
Event: 2695.556 Executing VM operation: Cleanup done
Event: 2705.682 Executing VM operation: Cleanup
Event: 2705.682 Executing VM operation: Cleanup done
Event: 2706.674 Executing VM operation: HandshakeAllThreads (HandshakeForDeflation)
Event: 2706.675 Executing VM operation: HandshakeAllThreads (HandshakeForDeflation) done
Event: 2706.675 Executing VM operation: RendezvousGCThreads
Event: 2706.675 Executing VM operation: RendezvousGCThreads done
Event: 2754.186 Executing VM operation: Cleanup
Event: 2754.186 Executing VM operation: Cleanup done
Event: 2755.199 Executing VM operation: Cleanup
Event: 2755.200 Executing VM operation: Cleanup done

Events (20 events):
Event: 14.134 Thread 0x000001c8a5c1a400 Thread added: 0x000001c8a5c1a400
Event: 14.135 Thread 0x000001c8a5c196e0 Thread added: 0x000001c8a5c196e0
Event: 14.187 Thread 0x000001c8a5c19d70 Thread added: 0x000001c8a5c19d70
Event: 14.274 Thread 0x000001c8a5abf810 Thread added: 0x000001c8a5abf810
Event: 14.286 Thread 0x000001c8a5aceab0 Thread added: 0x000001c8a5aceab0
Event: 15.039 Thread 0x000001c8a5aceab0 Thread exited: 0x000001c8a5aceab0
Event: 15.041 Thread 0x000001c8a5abf810 Thread exited: 0x000001c8a5abf810
Event: 19.797 Thread 0x000001c8a5abf810 Thread added: 0x000001c8a5abf810
Event: 20.329 Thread 0x000001c8a5abf810 Thread exited: 0x000001c8a5abf810
Event: 20.411 Thread 0x000001c8a5abf810 Thread added: 0x000001c8a5abf810
Event: 20.620 Thread 0x000001c8a5dc9e40 Thread added: 0x000001c8a5dc9e40
Event: 20.959 Thread 0x000001c8a5dc9e40 Thread exited: 0x000001c8a5dc9e40
Event: 26.270 Thread 0x000001c8a5abf810 Thread exited: 0x000001c8a5abf810
Event: 1390.598 Thread 0x000001c8a4931de0 Thread added: 0x000001c8a4931de0
Event: 1391.002 Thread 0x000001c8a4931de0 Thread exited: 0x000001c8a4931de0
Event: 1417.213 Thread 0x000001c8a5b86830 Thread added: 0x000001c8a5b86830
Event: 1417.672 Thread 0x000001c8a5b86830 Thread exited: 0x000001c8a5b86830
Event: 2753.945 Thread 0x000001c8a64891b0 Thread added: 0x000001c8a64891b0
Event: 2754.128 Thread 0x000001c8a64891b0 Thread exited: 0x000001c8a64891b0
Event: 2754.260 Thread 0x000001c8a491b870 Thread added: 0x000001c8a491b870


Dynamic libraries:
0x00007ff7ac280000 - 0x00007ff7ac290000 	C:\Program Files\Java\jdk-21\bin\java.exe
0x00007ffa45260000 - 0x00007ffa454c8000 	C:\WINDOWS\SYSTEM32\ntdll.dll
0x00007ffa44720000 - 0x00007ffa447e9000 	C:\WINDOWS\System32\KERNEL32.DLL
0x00007ffa42a30000 - 0x00007ffa42e22000 	C:\WINDOWS\System32\KERNELBASE.dll
0x00007ff9f5620000 - 0x00007ff9f5639000 	C:\Program Files\Java\jdk-21\bin\jli.dll
0x00007ffa447f0000 - 0x00007ffa448a4000 	C:\WINDOWS\System32\ADVAPI32.dll
0x00007ffa43e50000 - 0x00007ffa43ef9000 	C:\WINDOWS\System32\msvcrt.dll
0x00007ffa42650000 - 0x00007ffa4279b000 	C:\WINDOWS\System32\ucrtbase.dll
0x00007ffa44aa0000 - 0x00007ffa44b46000 	C:\WINDOWS\System32\sechost.dll
0x00007ff9f5640000 - 0x00007ff9f565b000 	C:\Program Files\Java\jdk-21\bin\VCRUNTIME140.dll
0x00007ffa430d0000 - 0x00007ffa431e8000 	C:\WINDOWS\System32\RPCRT4.dll
0x00007ffa45010000 - 0x00007ffa451d5000 	C:\WINDOWS\System32\USER32.dll
0x00007ffa423f0000 - 0x00007ffa42417000 	C:\WINDOWS\System32\win32u.dll
0x00007ffa44b50000 - 0x00007ffa44b7b000 	C:\WINDOWS\System32\GDI32.dll
0x00007ffa2ee00000 - 0x00007ffa2f093000 	C:\WINDOWS\WinSxS\amd64_microsoft.windows.common-controls_6595b64144ccf1df_6.0.26100.6899_none_3e0efeeae32e88c1\COMCTL32.dll
0x00007ffa42900000 - 0x00007ffa42a2d000 	C:\WINDOWS\System32\gdi32full.dll
0x00007ffa425a0000 - 0x00007ffa42643000 	C:\WINDOWS\System32\msvcp_win.dll
0x00007ffa3c8d0000 - 0x00007ffa3c8db000 	C:\WINDOWS\SYSTEM32\VERSION.dll
0x00007ffa431f0000 - 0x00007ffa4321f000 	C:\WINDOWS\System32\IMM32.DLL
0x00007ffa31420000 - 0x00007ffa3142c000 	C:\Program Files\Java\jdk-21\bin\vcruntime140_1.dll
0x00007ff9f5590000 - 0x00007ff9f561e000 	C:\Program Files\Java\jdk-21\bin\msvcp140.dll
0x00007ff96b7d0000 - 0x00007ff96c4ed000 	C:\Program Files\Java\jdk-21\bin\server\jvm.dll
0x00007ffa44e10000 - 0x00007ffa44e84000 	C:\WINDOWS\System32\WS2_32.dll
0x00007ffa1def0000 - 0x00007ffa1df25000 	C:\WINDOWS\SYSTEM32\WINMM.dll
0x00007ffa42250000 - 0x00007ffa422ae000 	C:\WINDOWS\SYSTEM32\POWRPROF.dll
0x00007ffa42230000 - 0x00007ffa42244000 	C:\WINDOWS\SYSTEM32\UMPDC.dll
0x00007ffa41180000 - 0x00007ffa4119b000 	C:\WINDOWS\SYSTEM32\kernel.appcore.dll
0x00007ff9f5580000 - 0x00007ff9f558a000 	C:\Program Files\Java\jdk-21\bin\jimage.dll
0x00007ffa2f0d0000 - 0x00007ffa2f312000 	C:\WINDOWS\SYSTEM32\DBGHELP.DLL
0x00007ffa43aa0000 - 0x00007ffa43e1b000 	C:\WINDOWS\System32\combase.dll
0x00007ffa44000000 - 0x00007ffa440d7000 	C:\WINDOWS\System32\OLEAUT32.dll
0x00007ffa27040000 - 0x00007ffa2707c000 	C:\WINDOWS\SYSTEM32\dbgcore.DLL
0x00007ffa427a0000 - 0x00007ffa42838000 	C:\WINDOWS\System32\bcryptPrimitives.dll
0x00007ff9ec940000 - 0x00007ff9ec94f000 	C:\Program Files\Java\jdk-21\bin\instrument.dll
0x00007ff9f5560000 - 0x00007ff9f557f000 	C:\Program Files\Java\jdk-21\bin\java.dll
0x00007ffa43350000 - 0x00007ffa43a9d000 	C:\WINDOWS\System32\SHELL32.dll
0x00007ffa42ec0000 - 0x00007ffa4302b000 	C:\WINDOWS\System32\wintypes.dll
0x00007ffa40020000 - 0x00007ffa4087d000 	C:\WINDOWS\SYSTEM32\windows.storage.dll
0x00007ffa44f10000 - 0x00007ffa45002000 	C:\WINDOWS\System32\SHCORE.dll
0x00007ffa44b80000 - 0x00007ffa44be2000 	C:\WINDOWS\System32\shlwapi.dll
0x00007ffa42310000 - 0x00007ffa42339000 	C:\WINDOWS\SYSTEM32\profapi.dll
0x00007ff9e7890000 - 0x00007ff9e7967000 	C:\Program Files\Java\jdk-21\bin\jsvml.dll
0x00007ff9f5510000 - 0x00007ff9f5528000 	C:\Program Files\Java\jdk-21\bin\zip.dll
0x00007ff9f5550000 - 0x00007ff9f5560000 	C:\Program Files\Java\jdk-21\bin\net.dll
0x00007ffa3a600000 - 0x00007ffa3a71f000 	C:\WINDOWS\SYSTEM32\WINHTTP.dll
0x00007ffa416d0000 - 0x00007ffa4173b000 	C:\WINDOWS\system32\mswsock.dll
0x00007ff9f5530000 - 0x00007ff9f5546000 	C:\Program Files\Java\jdk-21\bin\nio.dll
0x00007ff9eb120000 - 0x00007ff9eb129000 	C:\Program Files\Java\jdk-21\bin\extnet.dll
0x00007ffa40b80000 - 0x00007ffa40bb4000 	C:\WINDOWS\SYSTEM32\IPHLPAPI.DLL
0x00007ffa44a90000 - 0x00007ffa44a9a000 	C:\WINDOWS\System32\NSI.dll
0x00007ffa40bc0000 - 0x00007ffa40ce6000 	C:\WINDOWS\SYSTEM32\DNSAPI.dll
0x00007ffa385c0000 - 0x00007ffa385cb000 	C:\Windows\System32\rasadhlp.dll
0x00007ffa39760000 - 0x00007ffa397e6000 	C:\WINDOWS\System32\fwpuclnt.dll
0x00007ffa41ab0000 - 0x00007ffa41acb000 	C:\WINDOWS\SYSTEM32\CRYPTSP.dll
0x00007ffa410e0000 - 0x00007ffa4111b000 	C:\WINDOWS\system32\rsaenh.dll
0x00007ffa41770000 - 0x00007ffa4179b000 	C:\WINDOWS\SYSTEM32\USERENV.dll
0x00007ffa422e0000 - 0x00007ffa42306000 	C:\WINDOWS\SYSTEM32\bcrypt.dll
0x00007ffa41910000 - 0x00007ffa4191c000 	C:\WINDOWS\SYSTEM32\CRYPTBASE.dll
0x00007ff9ec640000 - 0x00007ff9ec64e000 	C:\Program Files\Java\jdk-21\bin\sunmscapi.dll
0x00007ffa42420000 - 0x00007ffa42597000 	C:\WINDOWS\System32\CRYPT32.dll
0x00007ffa41c00000 - 0x00007ffa41c30000 	C:\WINDOWS\SYSTEM32\ncrypt.dll
0x00007ffa41bb0000 - 0x00007ffa41bef000 	C:\WINDOWS\SYSTEM32\NTASN1.dll
0x00007ff9e79b0000 - 0x00007ff9e79b8000 	C:\WINDOWS\system32\wshunix.dll
0x00007ff9eaeb0000 - 0x00007ff9eaeba000 	C:\Program Files\Java\jdk-21\bin\management.dll
0x00007ff9e8bf0000 - 0x00007ff9e8bfb000 	C:\Program Files\Java\jdk-21\bin\management_ext.dll
0x00007ffa45200000 - 0x00007ffa45208000 	C:\WINDOWS\System32\PSAPI.DLL
0x00007ff9b81f0000 - 0x00007ff9b8208000 	C:\WINDOWS\system32\napinsp.dll
0x00007ff9b81d0000 - 0x00007ff9b81e2000 	C:\WINDOWS\System32\winrnr.dll
0x00007ffa25de0000 - 0x00007ffa25e08000 	C:\WINDOWS\system32\nlansp_c.dll
0x00007ffa3a990000 - 0x00007ffa3a9a6000 	C:\WINDOWS\system32\wshbth.dll
0x00007ffa39e20000 - 0x00007ffa39e3e000 	C:\WINDOWS\SYSTEM32\dhcpcsvc6.DLL
0x00007ffa39900000 - 0x00007ffa39923000 	C:\WINDOWS\SYSTEM32\dhcpcsvc.DLL

dbghelp: loaded successfully - version: 4.0.5 - missing functions: none
symbol engine: initialized successfully - sym options: 0x614 - pdb path: .;C:\Program Files\Java\jdk-21\bin;C:\WINDOWS\SYSTEM32;C:\WINDOWS\WinSxS\amd64_microsoft.windows.common-controls_6595b64144ccf1df_6.0.26100.6899_none_3e0efeeae32e88c1;C:\Program Files\Java\jdk-21\bin\server

VM Arguments:
jvm_args: -javaagent:C:\Program Files\JetBrains\IntelliJ IDEA 2025.2\lib\idea_rt.jar=63037 -Dfile.encoding=UTF-8 -Dsun.stdout.encoding=UTF-8 -Dsun.stderr.encoding=UTF-8 
java_command: com.example.apigateway.ApiGatewayApplication
java_class_path (initial): D:\Spring boot\OtoProject1\OtoProject\api-gateway\target\classes;C:\Users\PC\.m2\repository\org\springframework\cloud\spring-cloud-starter-gateway\4.1.2\spring-cloud-starter-gateway-4.1.2.jar;C:\Users\PC\.m2\repository\org\springframework\cloud\spring-cloud-starter\4.1.2\spring-cloud-starter-4.1.2.jar;C:\Users\PC\.m2\repository\org\springframework\cloud\spring-cloud-context\4.1.2\spring-cloud-context-4.1.2.jar;C:\Users\PC\.m2\repository\org\springframework\security\spring-security-crypto\6.2.4\spring-security-crypto-6.2.4.jar;C:\Users\PC\.m2\repository\org\springframework\cloud\spring-cloud-commons\4.1.2\spring-cloud-commons-4.1.2.jar;C:\Users\PC\.m2\repository\org\springframework\security\spring-security-rsa\1.1.2\spring-security-rsa-1.1.2.jar;C:\Users\PC\.m2\repository\org\bouncycastle\bcprov-jdk18on\1.77\bcprov-jdk18on-1.77.jar;C:\Users\PC\.m2\repository\org\springframework\cloud\spring-cloud-gateway-server\4.1.2\spring-cloud-gateway-server-4.1.2.jar;C:\Users\PC\.m2\repository\org\springframework\boot\spring-boot-starter-validation\3.2.5\spring-boot-starter-validation-3.2.5.jar;C:\Users\PC\.m2\repository\org\apache\tomcat\embed\tomcat-embed-el\10.1.20\tomcat-embed-el-10.1.20.jar;C:\Users\PC\.m2\repository\org\hibernate\validator\hibernate-validator\8.0.1.Final\hibernate-validator-8.0.1.Final.jar;C:\Users\PC\.m2\repository\jakarta\validation\jakarta.validation-api\3.0.2\jakarta.validation-api-3.0.2.jar;C:\Users\PC\.m2\repository\org\jboss\logging\jboss-logging\3.5.3.Final\jboss-logging-3.5.3.Final.jar;C:\Users\PC\.m2\repository\com\fasterxml\classmate\1.6.0\classmate-1.6.0.jar;C:\Users\PC\.m2\repository\io\projectreactor\addons\reactor-extra\3.5.1\reactor-extra-3.5.1.jar;C:\Users\PC\.m2\repository\io\projectreactor\reactor-core\3.6.5\reactor-core-3.6.5.jar;C:\Users\PC\.m2\repository\org\reactivestreams\reactive-streams\1.0.4\reactive-streams-1.0.4.jar;C:\Users\PC\.m2\repository\org\springframework\boot\spring-boot-starter-webflux\3.2.5\spring-boot-starter-webflux-3.2.5.jar;C:\Users\PC\.m2\repository\org\springframework\boot\spring-boot-starter-json\3.2.5\spring-boot-starter-json-3.2.5.jar;C:\Users\PC\.m2\repository\com\fasterxml\jackson\core\jackson-databind\2.15.4\jackson-databind-2.15.4.jar;C:\Users\PC\.m2\repository\com\fasterxml\jackson\core\jackson-core\2.15.4\jackson-core-2.15.4.jar;C:\Users\PC\.m2\repository\com\fasterxml\jackson\datatype\jackson-datatype-jdk8\2.15.4\jackson-datatype-jdk8-2.15.4.jar;C:\Users\PC\.m2\repository\com\fasterxml\jackson\datatype\jackson-datatype-jsr310\2.15.4\jackson-datatype-jsr310-2.15.4.jar;C:\Users\PC\.m2\repository\com\fasterxml\jackson\module\jackson-module-parameter-names\2.15.4\jackson-module-parameter-names-2.15.4.jar;C:\Users\PC\.m2\repository\org\springframework\boot\spring-boot-starter-reactor-netty\3.2.5\spring-boot-starter-reactor-netty-3.2.5.jar;C:\Users\PC\.m2\repository\io\projectreactor\netty\reactor-netty-http\1.1.18\reactor-netty-http-1.1.18.jar;C:\Users\PC\.m2\repository\io\netty\netty-codec-http\4.1.109.Final\netty-codec-http-4.1.109.Final.jar;C:\Users\PC\.m2\repository\io\netty\netty-common\4.1.109.Final\netty-common-4.1.109.Final.jar;C:\Users\PC\.m2\repository\io\netty\netty-buffer\4.1.109.Final\netty-buffer-4.1.109.Final.jar;C:\Users\PC\.m2\repository\io\netty\netty-transport\4.1.109.Final\netty-transport-4.1.109.Final.jar;C:\Users\PC\.m2\repository\io\netty\netty-codec\4.1.109.Final\netty-codec-4.1.109.Final.jar;C:\Users\PC\.m2\repository\io\netty\netty-handler\4.1.109.Final\netty-handler-4.1.109.Final.jar;C:\Users\PC\.m2\repository\io\netty\netty-codec-http2\4.1.109.Final\netty-codec-http2-4.1.109.Final.jar;C:\Users\PC\.m2\repository\io\netty\netty-resolver-dns\4.1.109.Final\netty-resolver-dns-4.1.109.Final.jar;C:\Users\PC\.m2\repository\io\netty\netty-resolver\4.1.109.Final\netty-resolver-4.1.109.Final.jar;C:\Users\PC\.m2\repository\io\netty\netty-codec-dns\4.1.109.Final\netty-codec-dns-4.1.109.Final.jar;C:\Users\PC\.m2\repository\io\netty\netty-resolver-dns-native-macos\4.1.109.Final\netty-resolver-dns-native-macos-4.1.109.Final-osx-x86_64.jar;C:\Users\PC\.m2\repository\io\netty\netty-resolver-dns-classes-macos\4.1.109.Final\netty-resolver-dns-classes-macos-4.1.109.Final.jar;C:\Users\PC\.m2\repository\io\netty\netty-transport-native-epoll\4.1.109.Final\netty-transport-native-epoll-4.1.109.Final-linux-x86_64.jar;C:\Users\PC\.m2\repository\io\netty\netty-transport-native-unix-common\4.1.109.Final\netty-transport-native-unix-common-4.1.109.Final.jar;C:\Users\PC\.m2\repository\io\netty\netty-transport-classes-epoll\4.1.109.Final\netty-transport-classes-epoll-4.1.109.Final.jar;C:\Users\PC\.m2\repository\io\projectreactor\netty\reactor-netty-core\1.1.18\reactor-netty-core-1.1.18.jar;C:\Users\PC\.m2\repository\io\netty\netty-handler-proxy\4.1.109.Final\netty-handler-proxy-4.1.109.Final.jar;C:\Users\PC\.m2\repository\io\netty\netty-codec-socks\4.1.109.Final\netty-codec-socks-4.1.109.Final.jar;C:\Users\PC\.m2\repository\org\springframework\spring-web\6.1.6\spring-web-6.1.6.jar;C:\Users\PC\.m2\repository\org\springframework\spring-beans\6.1.6\spring-beans-6.1.6.jar;C:\Users\PC\.m2\repository\io\micrometer\micrometer-observation\1.12.5\micrometer-observation-1.12.5.jar;C:\Users\PC\.m2\repository\io\micrometer\micrometer-commons\1.12.5\micrometer-commons-1.12.5.jar;C:\Users\PC\.m2\repository\org\springframework\spring-webflux\6.1.6\spring-webflux-6.1.6.jar;C:\Users\PC\.m2\repository\org\springframework\boot\spring-boot-starter\3.2.5\spring-boot-starter-3.2.5.jar;C:\Users\PC\.m2\repository\org\springframework\boot\spring-boot\3.2.5\spring-boot-3.2.5.jar;C:\Users\PC\.m2\repository\org\springframework\spring-context\6.1.6\spring-context-6.1.6.jar;C:\Users\PC\.m2\repository\org\springframework\spring-aop\6.1.6\spring-aop-6.1.6.jar;C:\Users\PC\.m2\repository\org\springframework\spring-expression\6.1.6\spring-expression-6.1.6.jar;C:\Users\PC\.m2\repository\org\springframework\boot\spring-boot-autoconfigure\3.2.5\spring-boot-autoconfigure-3.2.5.jar;C:\Users\PC\.m2\repository\org\springframework\boot\spring-boot-starter-logging\3.2.5\spring-boot-starter-logging-3.2.5.jar;C:\Users\PC\.m2\repository\ch\qos\logback\logback-classic\1.4.14\logback-classic-1.4.14.jar;C:\Users\PC\.m2\repository\ch\qos\logback\logback-core\1.4.14\logback-core-1.4.14.jar;C:\Users\PC\.m2\repository\org\apache\logging\log4j\log4j-to-slf4j\2.21.1\log4j-to-slf4j-2.21.1.jar;C:\Users\PC\.m2\repository\org\apache\logging\log4j\log4j-api\2.21.1\log4j-api-2.21.1.jar;C:\Users\PC\.m2\repository\org\slf4j\jul-to-slf4j\2.0.13\jul-to-slf4j-2.0.13.jar;C:\Users\PC\.m2\repository\jakarta\annotation\jakarta.annotation-api\2.1.1\jakarta.annotation-api-2.1.1.jar;C:\Users\PC\.m2\repository\org\yaml\snakeyaml\2.2\snakeyaml-2.2.jar;C:\Users\PC\.m2\repository\org\slf4j\slf4j-api\2.0.13\slf4j-api-2.0.13.jar;C:\Users\PC\.m2\repository\org\springframework\spring-core\6.1.6\spring-core-6.1.6.jar;C:\Users\PC\.m2\repository\org\springframework\spring-jcl\6.1.6\spring-jcl-6.1.6.jar;C:\Users\PC\.m2\repository\com\fasterxml\jackson\core\jackson-annotations\2.15.4\jackson-annotations-2.15.4.jar
Launcher Type: SUN_STANDARD

[Global flags]
     intx CICompilerCount                          = 4                                         {product} {ergonomic}
     uint ConcGCThreads                            = 2                                         {product} {ergonomic}
     uint G1ConcRefinementThreads                  = 8                                         {product} {ergonomic}
   size_t G1HeapRegionSize                         = 2097152                                   {product} {ergonomic}
    uintx GCDrainStackTargetSize                   = 64                                        {product} {ergonomic}
   size_t InitialHeapSize                          = 266338304                                 {product} {ergonomic}
   size_t MarkStackSize                            = 4194304                                   {product} {ergonomic}
   size_t MaxHeapSize                              = 4261412864                                {product} {ergonomic}
   size_t MaxNewSize                               = 2556428288                                {product} {ergonomic}
   size_t MinHeapDeltaBytes                        = 2097152                                   {product} {ergonomic}
   size_t MinHeapSize                              = 8388608                                   {product} {ergonomic}
    uintx NonNMethodCodeHeapSize                   = 5839372                                {pd product} {ergonomic}
    uintx NonProfiledCodeHeapSize                  = 122909434                              {pd product} {ergonomic}
    uintx ProfiledCodeHeapSize                     = 122909434                              {pd product} {ergonomic}
    uintx ReservedCodeCacheSize                    = 251658240                              {pd product} {ergonomic}
     bool SegmentedCodeCache                       = true                                      {product} {ergonomic}
   size_t SoftMaxHeapSize                          = 4261412864                             {manageable} {ergonomic}
     bool UseCompressedOops                        = true                           {product lp64_product} {ergonomic}
     bool UseG1GC                                  = true                                      {product} {ergonomic}
     bool UseLargePagesIndividualAllocation        = false                                  {pd product} {ergonomic}

Logging:
Log output configuration:
 #0: stdout all=warning uptime,level,tags foldmultilines=false
 #1: stderr all=off uptime,level,tags foldmultilines=false

Environment Variables:
JAVA_HOME=C:\Program Files\Java\jdk-21
PATH=C:\Program Files\Common Files\Oracle\Java\javapath;C:\WINDOWS\system32;C:\WINDOWS;C:\WINDOWS\System32\Wbem;C:\WINDOWS\System32\WindowsPowerShell\v1.0\;C:\WINDOWS\System32\OpenSSH\;C:\Program Files\nodejs\;C:\Program Files\Java\jdk-21\bin;C:\Program Files\Java\jdk-21\bin;D:\MyApp\apache-maven-3.9.11\bin;C:\Program Files\Git\cmd;C:\Program Files\Docker\Docker\resources\bin;C:\Users\PC\AppData\Local\Programs\Python\Python313\Scripts\;C:\Users\PC\AppData\Local\Programs\Python\Python313\;C:\Users\PC\AppData\Local\Microsoft\WindowsApps;C:\Users\PC\AppData\Local\Programs\Microsoft VS Code\bin;C:\Users\PC\AppData\Roaming\npm;C:\Program Files\JetBrains\PyCharm Community Edition 2025.1.2\bin;
USERNAME=PC
OS=Windows_NT
PROCESSOR_IDENTIFIER=Intel64 Family 6 Model 142 Stepping 10, GenuineIntel
TMP=C:\Users\PC\AppData\Local\Temp
TEMP=C:\Users\PC\AppData\Local\Temp




Periodic native trim disabled

---------------  S Y S T E M  ---------------

OS:
 Windows 11 , 64 bit Build 26100 (10.0.26100.6725)
OS uptime: 5 days 3:11 hours
Hyper-V role detected

CPU: total 8 (initial active 8) (4 cores per cpu, 2 threads per core) family 6 model 142 stepping 10 microcode 0xe0, cx8, cmov, fxsr, ht, mmx, 3dnowpref, sse, sse2, sse3, ssse3, sse4.1, sse4.2, popcnt, lzcnt, tsc, tscinvbit, avx, avx2, aes, erms, clmul, bmi1, bmi2, adx, fma, vzeroupper, clflush, clflushopt, hv, rdtscp, f16c
Processor Information for all 8 processors :
  Max Mhz: 1800, Current Mhz: 1600, Mhz Limit: 1584

Memory: 4k page, system-wide physical 16248M (1675M free)
TotalPageFile size 31395M (AvailPageFile size 789M)
current process WorkingSet (physical memory assigned to process): 127M, peak: 244M
current process commit charge ("private bytes"): 286M, peak: 413M

vm_info: Java HotSpot(TM) 64-Bit Server VM (21.0.8+12-LTS-250) for windows-amd64 JRE (21.0.8+12-LTS-250), built on 2025-06-27T08:11:22Z by "mach5one" with MS VC++ 17.6 (VS2022)

END.
